<?xml version="1.0" encoding="UTF-8"?>
<testng-results ignored="0" total="2" passed="2" failed="0" skipped="0">
  <reporter-output>
  </reporter-output>
  <suite started-at="2020-09-27T00:43:23 PDT" name="Default suite" finished-at="2020-09-27T00:44:05 PDT" duration-ms="42312">
    <groups>
    </groups>
    <test started-at="2020-09-27T00:43:23 PDT" name="Default test" finished-at="2020-09-27T00:44:05 PDT" duration-ms="42312">
      <class name="demo.fsit1">
        <test-method is-config="true" signature="beforeTest()[pri:0, instance:demo.fsit1@4278a03f]" started-at="2020-09-27T00:43:23 PDT" name="beforeTest" finished-at="2020-09-27T00:43:40 PDT" duration-ms="17541" status="PASS">
          <reporter-output>
          </reporter-output>
        </test-method> <!-- beforeTest -->
        <test-method signature="f(java.lang.String, java.lang.String)[pri:0, instance:demo.fsit1@4278a03f]" started-at="2020-09-27T00:43:40 PDT" name="f" data-provider="dp" finished-at="2020-09-27T00:43:54 PDT" duration-ms="13910" status="PASS">
          <params>
            <param index="0">
              <value>
                <![CDATA[Admin]]>
              </value>
            </param>
            <param index="1">
              <value>
                <![CDATA[admin123]]>
              </value>
            </param>
          </params>
          <reporter-output>
          </reporter-output>
        </test-method> <!-- f -->
        <test-method signature="f(java.lang.String, java.lang.String)[pri:0, instance:demo.fsit1@4278a03f]" started-at="2020-09-27T00:43:54 PDT" name="f" data-provider="dp" finished-at="2020-09-27T00:44:05 PDT" duration-ms="10354" status="PASS">
          <params>
            <param index="0">
              <value>
                <![CDATA[linda.anderson]]>
              </value>
            </param>
            <param index="1">
              <value>
                <![CDATA[linda.anderson]]>
              </value>
            </param>
          </params>
          <reporter-output>
          </reporter-output>
        </test-method> <!-- f -->
        <test-method is-config="true" signature="afterTest()[pri:0, instance:demo.fsit1@4278a03f]" started-at="2020-09-27T00:44:05 PDT" name="afterTest" finished-at="2020-09-27T00:44:05 PDT" duration-ms="1" status="PASS">
          <reporter-output>
          </reporter-output>
        </test-method> <!-- afterTest -->
      </class> <!-- demo.fsit1 -->
    </test> <!-- Default test -->
  </suite> <!-- Default suite -->
</testng-results>
